<?xml version="1.0" encoding="utf-8"?>
<coverage line-rate="0.9865999999999999" branch-rate="0.9395" version="1.9" timestamp="1781044521" lines-covered="959" lines-valid="972" branches-covered="420" branches-valid="447">
  <sources>
    <source>C:\Users\micro\source\MaiChess\services\maichess-match-manager-service\MaichessMatchManagerService\</source>
  </sources>
  <packages>
    <package name="MaichessMatchManagerService" line-rate="0.9865999999999999" branch-rate="0.9395" complexity="482">
      <classes>
        <class name="MaichessMatchManagerService.Services.AnalysisNotPermittedException" filename="Services\AnalysisNotPermittedException.cs" line-rate="1" branch-rate="1" complexity="1">
          <methods>
            <method name=".ctor" signature="()" line-rate="1" branch-rate="1" complexity="1">
              <lines>
                <line number="4" hits="2" branch="False" />
              </lines>
            </method>
          </methods>
          <lines>
            <line number="4" hits="2" branch="False" />
          </lines>
        </class>
        <class name="MaichessMatchManagerService.Services.DrawOfferAlreadyPendingException" filename="Services\DrawOfferAlreadyPendingException.cs" line-rate="1" branch-rate="1" complexity="1">
          <methods>
            <method name=".ctor" signature="()" line-rate="1" branch-rate="1" complexity="1">
              <lines>
                <line number="6" hits="1" branch="False" />
                <line number="7" hits="1" branch="False" />
                <line number="8" hits="1" branch="False" />
              </lines>
            </method>
          </methods>
          <lines>
            <line number="6" hits="1" branch="False" />
            <line number="7" hits="1" branch="False" />
            <line number="8" hits="1" branch="False" />
          </lines>
        </class>
        <class name="MaichessMatchManagerService.Services.FenValidator" filename="Services\FenValidator.cs" line-rate="1" branch-rate="1" complexity="62">
          <methods>
            <method name="IsValid" signature="(System.String)" line-rate="1" branch-rate="1" complexity="14">
              <lines>
                <line number="11" hits="28" branch="False" />
                <line number="12" hits="28" branch="True" condition-coverage="100% (2/2)">
                  <conditions>
                    <condition number="9" type="jump" coverage="100%" />
                  </conditions>
                </line>
                <line number="13" hits="2" branch="False" />
                <line number="14" hits="2" branch="False" />
                <line number="17" hits="26" branch="False" />
                <line number="18" hits="26" branch="True" condition-coverage="100% (12/12)">
                  <conditions>
                    <condition number="30" type="jump" coverage="100%" />
                    <condition number="40" type="jump" coverage="100%" />
                    <condition number="50" type="jump" coverage="100%" />
                    <condition number="60" type="jump" coverage="100%" />
                    <condition number="70" type="jump" coverage="100%" />
                    <condition number="80" type="jump" coverage="100%" />
                  </conditions>
                </line>
                <line number="19" hits="26" branch="False" />
                <line number="20" hits="26" branch="False" />
                <line number="21" hits="26" branch="False" />
                <line number="22" hits="26" branch="False" />
                <line number="23" hits="26" branch="False" />
                <line number="24" hits="26" branch="False" />
                <line number="25" hits="28" branch="False" />
              </lines>
            </method>
            <method name="IsValidPlacement" signature="(System.String)" line-rate="1" branch-rate="1" complexity="22">
              <lines>
                <line number="28" hits="24" branch="False" />
                <line number="29" hits="24" branch="False" />
                <line number="30" hits="24" branch="True" condition-coverage="100% (2/2)">
                  <conditions>
                    <condition number="22" type="jump" coverage="100%" />
                  </conditions>
                </line>
                <line number="31" hits="1" branch="False" />
                <line number="32" hits="1" branch="False" />
                <line number="35" hits="23" branch="False" />
                <line number="36" hits="23" branch="False" />
                <line number="38" hits="391" branch="True" condition-coverage="100% (2/2)">
                  <conditions>
                    <condition number="273" type="jump" coverage="100%" />
                  </conditions>
                </line>
                <line number="39" hits="163" branch="False" />
                <line number="40" hits="163" branch="False" />
                <line number="41" hits="163" branch="False" />
                <line number="43" hits="1070" branch="True" condition-coverage="100% (2/2)">
                  <conditions>
                    <condition number="235" type="jump" coverage="100%" />
                  </conditions>
                </line>
                <line number="44" hits="292" branch="False" />
                <line number="45" hits="292" branch="True" condition-coverage="100% (4/4)">
                  <conditions>
                    <condition number="92" type="jump" coverage="100%" />
                    <condition number="110" type="jump" coverage="100%" />
                  </conditions>
                </line>
                <line number="46" hits="157" branch="False" />
                <line number="47" hits="157" branch="True" condition-coverage="100% (2/2)">
                  <conditions>
                    <condition number="119" type="jump" coverage="100%" />
                  </conditions>
                </line>
                <line number="48" hits="1" branch="False" />
                <line number="49" hits="1" branch="False" />
                <line number="52" hits="156" branch="False" />
                <line number="53" hits="156" branch="False" />
                <line number="54" hits="156" branch="False" />
                <line number="57" hits="135" branch="True" condition-coverage="100% (2/2)">
                  <conditions>
                    <condition number="164" type="jump" coverage="100%" />
                  </conditions>
                </line>
                <line number="58" hits="2" branch="False" />
                <line number="59" hits="2" branch="False" />
                <line number="62" hits="133" branch="True" condition-coverage="100% (2/2)">
                  <conditions>
                    <condition number="182" type="jump" coverage="100%" />
                  </conditions>
                </line>
                <line number="63" hits="18" branch="False" />
                <line number="64" hits="18" branch="False" />
                <line number="65" hits="18" branch="False" />
                <line number="66" hits="115" branch="True" condition-coverage="100% (2/2)">
                  <conditions>
                    <condition number="202" type="jump" coverage="100%" />
                  </conditions>
                </line>
                <line number="67" hits="18" branch="False" />
                <line number="68" hits="18" branch="False" />
                <line number="69" hits="18" branch="False" />
                <line number="71" hits="133" branch="False" />
                <line number="72" hits="133" branch="False" />
                <line number="73" hits="133" branch="False" />
                <line number="75" hits="160" branch="True" condition-coverage="100% (2/2)">
                  <conditions>
                    <condition number="252" type="jump" coverage="100%" />
                  </conditions>
                </line>
                <line number="76" hits="1" branch="False" />
                <line number="77" hits="1" branch="False" />
                <line number="79" hits="159" branch="False" />
                <line number="81" hits="19" branch="True" condition-coverage="100% (2/2)">
                  <conditions>
                    <condition number="280" type="jump" coverage="100%" />
                  </conditions>
                </line>
                <line number="82" hits="24" branch="False" />
              </lines>
            </method>
            <method name="IsValidActiveColor" signature="(System.String)" line-rate="1" branch-rate="1" complexity="4">
              <lines>
                <line number="84" hits="16" branch="True" condition-coverage="100% (4/4)">
                  <conditions>
                    <condition number="11" type="jump" coverage="100%" />
                    <condition number="24" type="jump" coverage="100%" />
                  </conditions>
                </line>
              </lines>
            </method>
            <method name="IsValidCastling" signature="(System.String)" line-rate="1" branch-rate="1" complexity="8">
              <lines>
                <line number="87" hits="15" branch="False" />
                <line number="88" hits="15" branch="True" condition-coverage="100% (2/2)">
                  <conditions>
                    <condition number="14" type="jump" coverage="100%" />
                  </conditions>
                </line>
                <line number="89" hits="10" branch="False" />
                <line number="90" hits="10" branch="False" />
                <line number="93" hits="5" branch="True" condition-coverage="100% (2/2)">
                  <conditions>
                    <condition number="32" type="jump" coverage="100%" />
                  </conditions>
                </line>
                <line number="94" hits="1" branch="False" />
                <line number="95" hits="1" branch="False" />
                <line number="98" hits="37" branch="True" condition-coverage="100% (2/2)">
                  <conditions>
                    <condition number="99" type="jump" coverage="100%" />
                  </conditions>
                </line>
                <line number="99" hits="13" branch="False" />
                <line number="100" hits="13" branch="True" condition-coverage="100% (2/2)">
                  <conditions>
                    <condition number="77" type="jump" coverage="100%" />
                  </conditions>
                </line>
                <line number="101" hits="1" branch="False" />
                <line number="102" hits="1" branch="False" />
                <line number="104" hits="12" branch="False" />
                <line number="106" hits="3" branch="False" />
                <line number="107" hits="15" branch="False" />
              </lines>
            </method>
            <method name="IsValidEnPassant" signature="(System.String)" line-rate="1" branch-rate="1" complexity="10">
              <lines>
                <line number="110" hits="13" branch="True" condition-coverage="100% (10/10)">
                  <conditions>
                    <condition number="11" type="jump" coverage="100%" />
                    <condition number="20" type="jump" coverage="100%" />
                    <condition number="33" type="jump" coverage="100%" />
                    <condition number="38" type="jump" coverage="100%" />
                    <condition number="51" type="jump" coverage="100%" />
                  </conditions>
                </line>
                <line number="111" hits="13" branch="False" />
              </lines>
            </method>
            <method name="IsNonNegativeInteger" signature="(System.String)" line-rate="1" branch-rate="1" complexity="2">
              <lines>
                <line number="114" hits="8" branch="True" condition-coverage="100% (2/2)">
                  <conditions>
                    <condition number="8" type="jump" coverage="100%" />
                  </conditions>
                </line>
              </lines>
            </method>
            <method name="IsPositiveInteger" signature="(System.String)" line-rate="1" branch-rate="1" complexity="2">
              <lines>
                <line number="117" hits="6" branch="True" condition-coverage="100% (2/2)">
                  <conditions>
                    <condition number="8" type="jump" coverage="100%" />
                  </conditions>
                </line>
              </lines>
            </method>
          </methods>
          <lines>
            <line number="11" hits="28" branch="False" />
            <line number="12" hits="28" branch="True" condition-coverage="100% (2/2)">
              <conditions>
                <condition number="9" type="jump" coverage="100%" />
              </conditions>
            </line>
            <line number="13" hits="2" branch="False" />
            <line number="14" hits="2" branch="False" />
            <line number="17" hits="26" branch="False" />
            <line number="18" hits="26" branch="True" condition-coverage="100% (12/12)">
              <conditions>
                <condition number="30" type="jump" coverage="100%" />
                <condition number="40" type="jump" coverage="100%" />
                <condition number="50" type="jump" coverage="100%" />
                <condition number="60" type="jump" coverage="100%" />
                <condition number="70" type="jump" coverage="100%" />
                <condition number="80" type="jump" coverage="100%" />
              </conditions>
            </line>
            <line number="19" hits="26" branch="False" />
            <line number="20" hits="26" branch="False" />
            <line number="21" hits="26" branch="False" />
            <line number="22" hits="26" branch="False" />
            <line number="23" hits="26" branch="False" />
            <line number="24" hits="26" branch="False" />
            <line number="25" hits="28" branch="False" />
            <line number="28" hits="24" branch="False" />
            <line number="29" hits="24" branch="False" />
            <line number="30" hits="24" branch="True" condition-coverage="100% (2/2)">
              <conditions>
                <condition number="22" type="jump" coverage="100%" />
              </conditions>
            </line>
            <line number="31" hits="1" branch="False" />
            <line number="32" hits="1" branch="False" />
            <line number="35" hits="23" branch="False" />
            <line number="36" hits="23" branch="False" />
            <line number="38" hits="391" branch="True" condition-coverage="100% (2/2)">
              <conditions>
                <condition number="273" type="jump" coverage="100%" />
              </conditions>
            </line>
            <line number="39" hits="163" branch="False" />
            <line number="40" hits="163" branch="False" />
            <line number="41" hits="163" branch="False" />
            <line number="43" hits="1070" branch="True" condition-coverage="100% (2/2)">
              <conditions>
                <condition number="235" type="jump" coverage="100%" />
              </conditions>
            </line>
            <line number="44" hits="292" branch="False" />
            <line number="45" hits="292" branch="True" condition-coverage="100% (4/4)">
              <conditions>
                <condition number="92" type="jump" coverage="100%" />
                <condition number="110" type="jump" coverage="100%" />
              </conditions>
            </line>
            <line number="46" hits="157" branch="False" />
            <line number="47" hits="157" branch="True" condition-coverage="100% (2/2)">
              <conditions>
                <condition number="119" type="jump" coverage="100%" />
              </conditions>
            </line>
            <line number="48" hits="1" branch="False" />
            <line number="49" hits="1" branch="False" />
            <line number="52" hits="156" branch="False" />
            <line number="53" hits="156" branch="False" />
            <line number="54" hits="156" branch="False" />
            <line number="57" hits="135" branch="True" condition-coverage="100% (2/2)">
              <conditions>
                <condition number="164" type="jump" coverage="100%" />
              </conditions>
            </line>
            <line number="58" hits="2" branch="False" />
            <line number="59" hits="2" branch="False" />
            <line number="62" hits="133" branch="True" condition-coverage="100% (2/2)">
              <conditions>
                <condition number="182" type="jump" coverage="100%" />
              </conditions>
            </line>
            <line number="63" hits="18" branch="False" />
            <line number="64" hits="18" branch="False" />
            <line number="65" hits="18" branch="False" />
            <line number="66" hits="115" branch="True" condition-coverage="100% (2/2)">
              <conditions>
                <condition number="202" type="jump" coverage="100%" />
              </conditions>
            </line>
            <line number="67" hits="18" branch="False" />
            <line number="68" hits="18" branch="False" />
            <line number="69" hits="18" branch="False" />
            <line number="71" hits="133" branch="False" />
            <line number="72" hits="133" branch="False" />
            <line number="73" hits="133" branch="False" />
            <line number="75" hits="160" branch="True" condition-coverage="100% (2/2)">
              <conditions>
                <condition number="252" type="jump" coverage="100%" />
              </conditions>
            </line>
            <line number="76" hits="1" branch="False" />
            <line number="77" hits="1" branch="False" />
            <line number="79" hits="159" branch="False" />
            <line number="81" hits="19" branch="True" condition-coverage="100% (2/2)">
              <conditions>
                <condition number="280" type="jump" coverage="100%" />
              </conditions>
            </line>
            <line number="82" hits="24" branch="False" />
            <line number="84" hits="16" branch="True" condition-coverage="100% (4/4)">
              <conditions>
                <condition number="11" type="jump" coverage="100%" />
                <condition number="24" type="jump" coverage="100%" />
              </conditions>
            </line>
            <line number="87" hits="15" branch="False" />
            <line number="88" hits="15" branch="True" condition-coverage="100% (2/2)">
              <conditions>
                <condition number="14" type="jump" coverage="100%" />
              </conditions>
            </line>
            <line number="89" hits="10" branch="False" />
            <line number="90" hits="10" branch="False" />
            <line number="93" hits="5" branch="True" condition-coverage="100% (2/2)">
              <conditions>
                <condition number="32" type="jump" coverage="100%" />
              </conditions>
            </line>
            <line number="94" hits="1" branch="False" />
            <line number="95" hits="1" branch="False" />
            <line number="98" hits="37" branch="True" condition-coverage="100% (2/2)">
              <conditions>
                <condition number="99" type="jump" coverage="100%" />
              </conditions>
            </line>
            <line number="99" hits="13" branch="False" />
            <line number="100" hits="13" branch="True" condition-coverage="100% (2/2)">
              <conditions>
                <condition number="77" type="jump" coverage="100%" />
              </conditions>
            </line>
            <line number="101" hits="1" branch="False" />
            <line number="102" hits="1" branch="False" />
            <line number="104" hits="12" branch="False" />
            <line number="106" hits="3" branch="False" />
            <line number="107" hits="15" branch="False" />
            <line number="110" hits="13" branch="True" condition-coverage="100% (10/10)">
              <conditions>
                <condition number="11" type="jump" coverage="100%" />
                <condition number="20" type="jump" coverage="100%" />
                <condition number="33" type="jump" coverage="100%" />
                <condition number="38" type="jump" coverage="100%" />
                <condition number="51" type="jump" coverage="100%" />
              </conditions>
            </line>
            <line number="111" hits="13" branch="False" />
            <line number="114" hits="8" branch="True" condition-coverage="100% (2/2)">
              <conditions>
                <condition number="8" type="jump" coverage="100%" />
              </conditions>
            </line>
            <line number="117" hits="6" branch="True" condition-coverage="100% (2/2)">
              <conditions>
                <condition number="8" type="jump" coverage="100%" />
              </conditions>
            </line>
          </lines>
        </class>
        <class name="MaichessMatchManagerService.Services.IllegalMoveException" filename="Services\IllegalMoveException.cs" line-rate="1" branch-rate="1" complexity="1">
          <methods>
            <method name=".ctor" signature="(System.String)" line-rate="1" branch-rate="1" complexity="1">
              <lines>
                <line number="4" hits="2" branch="False" />
              </lines>
            </method>
          </methods>
          <lines>
            <line number="4" hits="2" branch="False" />
          </lines>
        </class>
        <class name="MaichessMatchManagerService.Services.InvalidStartPositionException" filename="Services\InvalidStartPositionException.cs" line-rate="1" branch-rate="1" complexity="1">
          <methods>
            <method name=".ctor" signature="(System.String)" line-rate="1" branch-rate="1" complexity="1">
              <lines>
                <line number="4" hits="1" branch="False" />
              </lines>
            </method>
          </methods>
          <lines>
            <line number="4" hits="1" branch="False" />
          </lines>
        </class>
        <class name="MaichessMatchManagerService.Services.MatchAlreadyEndedException" filename="Services\MatchAlreadyEndedException.cs" line-rate="1" branch-rate="1" complexity="1">
          <methods>
            <method name=".ctor" signature="()" line-rate="1" branch-rate="1" complexity="1">
              <lines>
                <line number="4" hits="7" branch="False" />
              </lines>
            </method>
          </methods>
          <lines>
            <line number="4" hits="7" branch="False" />
          </lines>
        </class>
        <class name="MaichessMatchManagerService.Services.MatchNotFoundException" filename="Services\MatchNotFoundException.cs" line-rate="1" branch-rate="1" complexity="1">
          <methods>
            <method name=".ctor" signature="(System.String)" line-rate="1" branch-rate="1" complexity="1">
              <lines>
                <line number="4" hits="10" branch="False" />
              </lines>
            </method>
          </methods>
          <lines>
            <line number="4" hits="10" branch="False" />
          </lines>
        </class>
        <class name="MaichessMatchManagerService.Services.MatchService" filename="Services\MatchService.cs" line-rate="1" branch-rate="1" complexity="52">
          <methods>
            <method name="IsAnalyzable" signature="(MaichessMatchManagerService.Entities.MatchDocument)" line-rate="1" branch-rate="1" complexity="4">
              <lines>
                <line number="30" hits="12" branch="True" condition-coverage="100% (4/4)">
                  <conditions>
                    <condition number="11" type="jump" coverage="100%" />
                    <condition number="24" type="jump" coverage="100%" />
                  </conditions>
                </line>
              </lines>
            </method>
            <method name="CanonicalizeUserId" signature="(System.String)" line-rate="1" branch-rate="1" complexity="4">
              <lines>
                <line number="38" hits="97" branch="True" condition-coverage="100% (4/4)">
                  <conditions>
                    <condition number="1" type="jump" coverage="100%" />
                    <condition number="11" type="jump" coverage="100%" />
                  </conditions>
                </line>
              </lines>
            </method>
            <method name="GameResultToEndReason" signature="(Maichess.MoveValidator.V1.GameResult)" line-rate="1" branch-rate="1" complexity="7">
              <lines>
                <line number="42" hits="21" branch="True" condition-coverage="100% (7/7)">
                  <conditions>
                    <condition number="7" type="switch" coverage="100%" />
                  </conditions>
                </line>
                <line number="43" hits="21" branch="False" />
                <line number="44" hits="11" branch="False" />
                <line number="45" hits="3" branch="False" />
                <line number="46" hits="2" branch="False" />
                <line number="47" hits="2" branch="False" />
                <line number="48" hits="2" branch="False" />
                <line number="49" hits="1" branch="False" />
                <line number="50" hits="21" branch="False" />
              </lines>
            </method>
            <method name="ApplyGameResult" signature="(MaichessMatchManagerService.Entities.MatchDocument,Maichess.MoveValidator.V1.GameResult)" line-rate="1" branch-rate="1" complexity="11">
              <lines>
                <line number="563" hits="22" branch="False" />
                <line number="564" hits="22" branch="True" condition-coverage="100% (2/2)">
                  <conditions>
                    <condition number="16" type="jump" coverage="100%" />
                  </conditions>
                </line>
                <line number="565" hits="1" branch="False" />
                <line number="566" hits="1" branch="False" />
                <line number="567" hits="1" branch="False" />
                <line number="570" hits="21" branch="True" condition-coverage="100% (2/2)">
                  <conditions>
                    <condition number="48" type="jump" coverage="100%" />
                  </conditions>
                </line>
                <line number="571" hits="1" branch="False" />
                <line number="572" hits="1" branch="False" />
                <line number="573" hits="1" branch="False" />
                <line number="576" hits="20" branch="True" condition-coverage="100% (7/7)">
                  <conditions>
                    <condition number="74" type="switch" coverage="100%" />
                  </conditions>
                </line>
                <line number="577" hits="20" branch="False" />
                <line number="578" hits="7" branch="False" />
                <line number="579" hits="2" branch="False" />
                <line number="580" hits="20" branch="False" />
                <line number="581" hits="20" branch="False" />
                <line number="582" hits="20" branch="False" />
                <line number="583" hits="5" branch="False" />
                <line number="584" hits="6" branch="False" />
                <line number="585" hits="20" branch="False" />
                <line number="586" hits="22" branch="False" />
              </lines>
            </method>
            <method name="ApplyIncrement" signature="(MaichessMatchManagerService.Entities.MatchDocument,System.Boolean)" line-rate="1" branch-rate="1" complexity="4">
              <lines>
                <line number="592" hits="6" branch="False" />
                <line number="593" hits="6" branch="False" />
                <line number="594" hits="6" branch="True" condition-coverage="100% (2/2)">
                  <conditions>
                    <condition number="23" type="jump" coverage="100%" />
                  </conditions>
                </line>
                <line number="595" hits="4" branch="False" />
                <line number="596" hits="4" branch="False" />
                <line number="599" hits="2" branch="True" condition-coverage="100% (2/2)">
                  <conditions>
                    <condition number="31" type="jump" coverage="100%" />
                  </conditions>
                </line>
                <line number="600" hits="1" branch="False" />
                <line number="601" hits="1" branch="False" />
                <line number="602" hits="1" branch="False" />
                <line number="604" hits="1" branch="False" />
                <line number="605" hits="1" branch="False" />
                <line number="606" hits="1" branch="False" />
                <line number="607" hits="6" branch="False" />
              </lines>
            </method>
            <method name="GetActiveColor" signature="(System.String)" line-rate="1" branch-rate="1" complexity="2">
              <lines>
                <line number="610" hits="73" branch="False" />
                <line number="611" hits="73" branch="False" />
                <line number="612" hits="73" branch="True" condition-coverage="100% (2/2)">
                  <conditions>
                    <condition number="15" type="jump" coverage="100%" />
                  </conditions>
                </line>
                <line number="613" hits="73" branch="False" />
              </lines>
            </method>
            <method name="NormalizeStartFen" signature="(System.String)" line-rate="1" branch-rate="1" complexity="6">
              <lines>
                <line number="620" hits="33" branch="False" />
                <line number="621" hits="33" branch="True" condition-coverage="100% (4/4)">
                  <conditions>
                    <condition number="7" type="jump" coverage="100%" />
                    <condition number="26" type="jump" coverage="100%" />
                  </conditions>
                </line>
                <line number="622" hits="33" branch="False" />
                <line number="623" hits="31" branch="False" />
                <line number="624" hits="31" branch="False" />
                <line number="627" hits="2" branch="False" />
                <line number="628" hits="2" branch="True" condition-coverage="100% (2/2)">
                  <conditions>
                    <condition number="50" type="jump" coverage="100%" />
                  </conditions>
                </line>
                <line number="629" hits="2" branch="False" />
                <line number="630" hits="2" branch="False" />
                <line number="631" hits="32" branch="False" />
              </lines>
            </method>
            <method name="DeriveInitiator" signature="(MaichessMatchManagerService.Entities.PlayerDocument,MaichessMatchManagerService.Entities.PlayerDocument)" line-rate="1" branch-rate="1" complexity="4">
              <lines>
                <line number="636" hits="29" branch="True" condition-coverage="100% (4/4)">
                  <conditions>
                    <condition number="6" type="jump" coverage="100%" />
                    <condition number="14" type="jump" coverage="100%" />
                  </conditions>
                </line>
              </lines>
            </method>
            <method name="IsForUser" signature="(MaichessMatchManagerService.Entities.MatchDocument,System.String)" line-rate="1" branch-rate="1" complexity="6">
              <lines>
                <line number="643" hits="17" branch="True" condition-coverage="100% (6/6)">
                  <conditions>
                    <condition number="22" type="jump" coverage="100%" />
                    <condition number="46" type="jump" coverage="100%" />
                    <condition number="55" type="jump" coverage="100%" />
                  </conditions>
                </line>
                <line number="644" hits="17" branch="False" />
                <line number="645" hits="17" branch="False" />
              </lines>
            </method>
            <method name="IsEnded" signature="(MaichessMatchManagerService.Entities.MatchDocument)" line-rate="1" branch-rate="1" complexity="1">
              <lines>
                <line number="649" hits="82" branch="False" />
              </lines>
            </method>
            <method name="ParticipantUserIds" signature="(MaichessMatchManagerService.Entities.MatchDocument)" line-rate="1" branch-rate="1" complexity="2">
              <lines>
                <line number="654" hits="34" branch="True" condition-coverage="100% (2/2)">
                  <conditions>
                    <condition number="43" type="jump" coverage="100%" />
                  </conditions>
                </line>
                <line number="655" hits="34" branch="False" />
                <line number="656" hits="34" branch="False" />
                <line number="657" hits="34" branch="False" />
              </lines>
            </method>
            <method name=".ctor" signature="(MaichessMatchManagerService.Data.IMatchRepository,MaichessMatchManagerService.Data.IMatchCache,MaichessMatchManagerService.Data.IUserReplica,Maichess.MoveValidator.V1.Moves/MovesClient,Maichess.Engine.V1.Bots/BotsClient,Maichess.User.V1.Users/UsersClient,MaichessMatchManagerService.Events.ISocketBroadcaster,Microsoft.Extensions.Logging.ILogger`1&lt;MaichessMatchManagerService.Services.MatchService&gt;)" line-rate="1" branch-rate="1" complexity="1">
              <lines>
                <line number="11" hits="168" branch="False" />
                <line number="12" hits="168" branch="False" />
                <line number="13" hits="168" branch="False" />
                <line number="14" hits="168" branch="False" />
                <line number="15" hits="168" branch="False" />
                <line number="16" hits="168" branch="False" />
                <line number="17" hits="168" branch="False" />
                <line number="18" hits="168" branch="False" />
                <line number="19" hits="168" branch="False" />
              </lines>
            </method>
          </methods>
          <lines>
            <line number="30" hits="12" branch="True" condition-coverage="100% (4/4)">
              <conditions>
                <condition number="11" type="jump" coverage="100%" />
                <condition number="24" type="jump" coverage="100%" />
              </conditions>
            </line>
            <line number="38" hits="97" branch="True" condition-coverage="100% (4/4)">
              <conditions>
                <condition number="1" type="jump" coverage="100%" />
                <condition number="11" type="jump" coverage="100%" />
              </conditions>
            </line>
            <line number="42" hits="21" branch="True" condition-coverage="100% (7/7)">
              <conditions>
                <condition number="7" type="switch" coverage="100%" />
              </conditions>
            </line>
            <line number="43" hits="21" branch="False" />
            <line number="44" hits="11" branch="False" />
            <line number="45" hits="3" branch="False" />
            <line number="46" hits="2" branch="False" />
            <line number="47" hits="2" branch="False" />
            <line number="48" hits="2" branch="False" />
            <line number="49" hits="1" branch="False" />
            <line number="50" hits="21" branch="False" />
            <line number="563" hits="22" branch="False" />
            <line number="564" hits="22" branch="True" condition-coverage="100% (2/2)">
              <conditions>
                <condition number="16" type="jump" coverage="100%" />
              </conditions>
            </line>
            <line number="565" hits="1" branch="False" />
            <line number="566" hits="1" branch="False" />
            <line number="567" hits="1" branch="False" />
            <line number="570" hits="21" branch="True" condition-coverage="100% (2/2)">
              <conditions>
                <condition number="48" type="jump" coverage="100%" />
              </conditions>
            </line>
            <line number="571" hits="1" branch="False" />
            <line number="572" hits="1" branch="False" />
            <line number="573" hits="1" branch="False" />
            <line number="576" hits="20" branch="True" condition-coverage="100% (7/7)">
              <conditions>
                <condition number="74" type="switch" coverage="100%" />
              </conditions>
            </line>
            <line number="577" hits="20" branch="False" />
            <line number="578" hits="7" branch="False" />
            <line number="579" hits="2" branch="False" />
            <line number="580" hits="20" branch="False" />
            <line number="581" hits="20" branch="False" />
            <line number="582" hits="20" branch="False" />
            <line number="583" hits="5" branch="False" />
            <line number="584" hits="6" branch="False" />
            <line number="585" hits="20" branch="False" />
            <line number="586" hits="22" branch="False" />
            <line number="592" hits="6" branch="False" />
            <line number="593" hits="6" branch="False" />
            <line number="594" hits="6" branch="True" condition-coverage="100% (2/2)">
              <conditions>
                <condition number="23" type="jump" coverage="100%" />
              </conditions>
            </line>
            <line number="595" hits="4" branch="False" />
            <line number="596" hits="4" branch="False" />
            <line number="599" hits="2" branch="True" condition-coverage="100% (2/2)">
              <conditions>
                <condition number="31" type="jump" coverage="100%" />
              </conditions>
            </line>
            <line number="600" hits="1" branch="False" />
            <line number="601" hits="1" branch="False" />
            <line number="602" hits="1" branch="False" />
            <line number="604" hits="1" branch="False" />
            <line number="605" hits="1" branch="False" />
            <line number="606" hits="1" branch="False" />
            <line number="607" hits="6" branch="False" />
            <line number="610" hits="73" branch="False" />
            <line number="611" hits="73" branch="False" />
            <line number="612" hits="73" branch="True" condition-coverage="100% (2/2)">
              <conditions>
                <condition number="15" type="jump" coverage="100%" />
              </conditions>
            </line>
            <line number="613" hits="73" branch="False" />
            <line number="620" hits="33" branch="False" />
            <line number="621" hits="33" branch="True" condition-coverage="100% (4/4)">
              <conditions>
                <condition number="7" type="jump" coverage="100%" />
                <condition number="26" type="jump" coverage="100%" />
              </conditions>
            </line>
            <line number="622" hits="33" branch="False" />
            <line number="623" hits="31" branch="False" />
            <line number="624" hits="31" branch="False" />
            <line number="627" hits="2" branch="False" />
            <line number="628" hits="2" branch="True" condition-coverage="100% (2/2)">
              <conditions>
                <condition number="50" type="jump" coverage="100%" />
              </conditions>
            </line>
            <line number="629" hits="2" branch="False" />
            <line number="630" hits="2" branch="False" />
            <line number="631" hits="32" branch="False" />
            <line number="636" hits="29" branch="True" condition-coverage="100% (4/4)">
              <conditions>
                <condition number="6" type="jump" coverage="100%" />
                <condition number="14" type="jump" coverage="100%" />
              </conditions>
            </line>
            <line number="643" hits="17" branch="True" condition-coverage="100% (6/6)">
              <conditions>
                <condition number="22" type="jump" coverage="100%" />
                <condition number="46" type="jump" coverage="100%" />
                <condition number="55" type="jump" coverage="100%" />
              </conditions>
            </line>
            <line number="644" hits="17" branch="False" />
            <line number="645" hits="17" branch="False" />
            <line number="649" hits="82" branch="False" />
            <line number="654" hits="34" branch="True" condition-coverage="100% (2/2)">
              <conditions>
                <condition number="43" type="jump" coverage="100%" />
              </conditions>
            </line>
            <line number="655" hits="34" branch="False" />
            <line number="656" hits="34" branch="False" />
            <line number="657" hits="34" branch="False" />
            <line number="11" hits="168" branch="False" />
            <line number="12" hits="168" branch="False" />
            <line number="13" hits="168" branch="False" />
            <line number="14" hits="168" branch="False" />
            <line number="15" hits="168" branch="False" />
            <line number="16" hits="168" branch="False" />
            <line number="17" hits="168" branch="False" />
            <line number="18" hits="168" branch="False" />
            <line number="19" hits="168" branch="False" />
          </lines>
        </class>
        <class name="MaichessMatchManagerService.Services.MatchService/&lt;AcceptDrawAsync&gt;d__23" filename="Services\MatchService.cs" line-rate="1" branch-rate="1" complexity="10">
          <methods>
            <method name="MoveNext" signature="()" line-rate="1" branch-rate="1" complexity="10">
              <lines>
                <line number="356" hits="7" branch="False" />
                <line number="357" hits="7" branch="False" />
                <line number="359" hits="7" branch="True" condition-coverage="100% (2/2)">
                  <conditions>
                    <condition number="211" type="jump" coverage="100%" />
                  </conditions>
                </line>
                <line number="360" hits="1" branch="False" />
                <line number="361" hits="1" branch="False" />
                <line number="364" hits="6" branch="False" />
                <line number="365" hits="6" branch="False" />
                <line number="367" hits="6" branch="True" condition-coverage="100% (4/4)">
                  <conditions>
                    <condition number="292" type="jump" coverage="100%" />
                    <condition number="310" type="jump" coverage="100%" />
                  </conditions>
                </line>
                <line number="368" hits="1" branch="False" />
                <line number="369" hits="1" branch="False" />
                <line number="372" hits="5" branch="True" condition-coverage="100% (2/2)">
                  <conditions>
                    <condition number="337" type="jump" coverage="100%" />
                  </conditions>
                </line>
                <line number="373" hits="1" branch="False" />
                <line number="374" hits="1" branch="False" />
                <line number="377" hits="4" branch="True" condition-coverage="100% (2/2)">
                  <conditions>
                    <condition number="372" type="jump" coverage="100%" />
                  </conditions>
                </line>
                <line number="378" hits="1" branch="False" />
                <line number="379" hits="1" branch="False" />
                <line number="382" hits="3" branch="False" />
                <line number="383" hits="3" branch="False" />
                <line number="384" hits="3" branch="False" />
                <line number="386" hits="3" branch="False" />
                <line number="388" hits="3" branch="False" />
                <line number="389" hits="3" branch="False" />
                <line number="390" hits="3" branch="False" />
                <line number="392" hits="3" branch="False" />
                <line number="393" hits="3" branch="False" />
              </lines>
            </method>
          </methods>
          <lines>
            <line number="356" hits="7" branch="False" />
            <line number="357" hits="7" branch="False" />
            <line number="359" hits="7" branch="True" condition-coverage="100% (2/2)">
              <conditions>
                <condition number="211" type="jump" coverage="100%" />
              </conditions>
            </line>
            <line number="360" hits="1" branch="False" />
            <line number="361" hits="1" branch="False" />
            <line number="364" hits="6" branch="False" />
            <line number="365" hits="6" branch="False" />
            <line number="367" hits="6" branch="True" condition-coverage="100% (4/4)">
              <conditions>
                <condition number="292" type="jump" coverage="100%" />
                <condition number="310" type="jump" coverage="100%" />
              </conditions>
            </line>
            <line number="368" hits="1" branch="False" />
            <line number="369" hits="1" branch="False" />
            <line number="372" hits="5" branch="True" condition-coverage="100% (2/2)">
              <conditions>
                <condition number="337" type="jump" coverage="100%" />
              </conditions>
            </line>
            <line number="373" hits="1" branch="False" />
            <line number="374" hits="1" branch="False" />
            <line number="377" hits="4" branch="True" condition-coverage="100% (2/2)">
              <conditions>
                <condition number="372" type="jump" coverage="100%" />
              </conditions>
            </line>
            <line number="378" hits="1" branch="False" />
            <line number="379" hits="1" branch="False" />
            <line number="382" hits="3" branch="False" />
            <line number="383" hits="3" branch="False" />
            <line number="384" hits="3" branch="False" />
            <line number="386" hits="3" branch="False" />
            <line number="388" hits="3" branch="False" />
            <line number="389" hits="3" branch="False" />
            <line number="390" hits="3" branch="False" />
            <line number="392" hits="3" branch="False" />
            <line number="393" hits="3" branch="False" />
          </lines>
        </class>
        <class name="MaichessMatchManagerService.Services.MatchService/&lt;CreateMatchAsync&gt;d__16" filename="Services\MatchService.cs" line-rate="1" branch-rate="1" complexity="6">
          <methods>
            <method name="MoveNext" signature="()" line-rate="1" branch-rate="1" complexity="6">
              <lines>
                <line number="63" hits="33" branch="False" />
                <line number="64" hits="33" branch="False" />
                <line number="65" hits="32" branch="False" />
                <line number="67" hits="32" branch="True" condition-coverage="100% (4/4)">
                  <conditions>
                    <condition number="81" type="jump" coverage="100%" />
                    <condition number="241" type="jump" coverage="100%" />
                  </conditions>
                </line>
                <line number="68" hits="32" branch="False" />
                <line number="69" hits="32" branch="False" />
                <line number="70" hits="32" branch="False" />
                <line number="71" hits="32" branch="False" />
                <line number="72" hits="32" branch="False" />
                <line number="73" hits="32" branch="False" />
                <line number="74" hits="32" branch="False" />
                <line number="75" hits="32" branch="False" />
                <line number="76" hits="32" branch="False" />
                <line number="77" hits="32" branch="False" />
                <line number="78" hits="32" branch="False" />
                <line number="79" hits="32" branch="False" />
                <line number="80" hits="32" branch="False" />
                <line number="81" hits="32" branch="False" />
                <line number="82" hits="32" branch="False" />
                <line number="83" hits="32" branch="False" />
                <line number="84" hits="32" branch="False" />
                <line number="85" hits="32" branch="False" />
                <line number="87" hits="32" branch="True" condition-coverage="100% (2/2)">
                  <conditions>
                    <condition number="444" type="jump" coverage="100%" />
                  </conditions>
                </line>
                <line number="88" hits="28" branch="False" />
                <line number="89" hits="28" branch="False" />
                <line number="90" hits="28" branch="False" />
                <line number="92" hits="32" branch="False" />
                <line number="93" hits="32" branch="False" />
              </lines>
            </method>
          </methods>
          <lines>
            <line number="63" hits="33" branch="False" />
            <line number="64" hits="33" branch="False" />
            <line number="65" hits="32" branch="False" />
            <line number="67" hits="32" branch="True" condition-coverage="100% (4/4)">
              <conditions>
                <condition number="81" type="jump" coverage="100%" />
                <condition number="241" type="jump" coverage="100%" />
              </conditions>
            </line>
            <line number="68" hits="32" branch="False" />
            <line number="69" hits="32" branch="False" />
            <line number="70" hits="32" branch="False" />
            <line number="71" hits="32" branch="False" />
            <line number="72" hits="32" branch="False" />
            <line number="73" hits="32" branch="False" />
            <line number="74" hits="32" branch="False" />
            <line number="75" hits="32" branch="False" />
            <line number="76" hits="32" branch="False" />
            <line number="77" hits="32" branch="False" />
            <line number="78" hits="32" branch="False" />
            <line number="79" hits="32" branch="False" />
            <line number="80" hits="32" branch="False" />
            <line number="81" hits="32" branch="False" />
            <line number="82" hits="32" branch="False" />
            <line number="83" hits="32" branch="False" />
            <line number="84" hits="32" branch="False" />
            <line number="85" hits="32" branch="False" />
            <line number="87" hits="32" branch="True" condition-coverage="100% (2/2)">
              <conditions>
                <condition number="444" type="jump" coverage="100%" />
              </conditions>
            </line>
            <line number="88" hits="28" branch="False" />
            <line number="89" hits="28" branch="False" />
            <line number="90" hits="28" branch="False" />
            <line number="92" hits="32" branch="False" />
            <line number="93" hits="32" branch="False" />
          </lines>
        </class>
        <class name="MaichessMatchManagerService.Services.MatchService/&lt;DeclineDrawAsync&gt;d__24" filename="Services\MatchService.cs" line-rate="1" branch-rate="1" complexity="10">
          <methods>
            <method name="MoveNext" signature="()" line-rate="1" branch-rate="1" complexity="10">
              <lines>
                <line number="396" hits="5" branch="False" />
                <line number="397" hits="5" branch="False" />
                <line number="399" hits="5" branch="True" condition-coverage="100% (2/2)">
                  <conditions>
                    <condition number="186" type="jump" coverage="100%" />
                  </conditions>
                </line>
                <line number="400" hits="1" branch="False" />
                <line number="401" hits="1" branch="False" />
                <line number="404" hits="4" branch="False" />
                <line number="405" hits="4" branch="False" />
                <line number="407" hits="4" branch="True" condition-coverage="100% (4/4)">
                  <conditions>
                    <condition number="267" type="jump" coverage="100%" />
                    <condition number="285" type="jump" coverage="100%" />
                  </conditions>
                </line>
                <line number="408" hits="1" branch="False" />
                <line number="409" hits="1" branch="False" />
                <line number="412" hits="3" branch="True" condition-coverage="100% (2/2)">
                  <conditions>
                    <condition number="312" type="jump" coverage="100%" />
                  </conditions>
                </line>
                <line number="413" hits="1" branch="False" />
                <line number="414" hits="1" branch="False" />
                <line number="417" hits="2" branch="False" />
                <line number="418" hits="2" branch="False" />
                <line number="420" hits="2" branch="True" condition-coverage="100% (2/2)">
                  <conditions>
                    <condition number="462" type="jump" coverage="100%" />
                  </conditions>
                </line>
                <line number="421" hits="2" branch="False" />
                <line number="422" hits="2" branch="False" />
              </lines>
            </method>
          </methods>
          <lines>
            <line number="396" hits="5" branch="False" />
            <line number="397" hits="5" branch="False" />
            <line number="399" hits="5" branch="True" condition-coverage="100% (2/2)">
              <conditions>
                <condition number="186" type="jump" coverage="100%" />
              </conditions>
            </line>
            <line number="400" hits="1" branch="False" />
            <line number="401" hits="1" branch="False" />
            <line number="404" hits="4" branch="False" />
            <line number="405" hits="4" branch="False" />
            <line number="407" hits="4" branch="True" condition-coverage="100% (4/4)">
              <conditions>
                <condition number="267" type="jump" coverage="100%" />
                <condition number="285" type="jump" coverage="100%" />
              </conditions>
            </line>
            <line number="408" hits="1" branch="False" />
            <line number="409" hits="1" branch="False" />
            <line number="412" hits="3" branch="True" condition-coverage="100% (2/2)">
              <conditions>
                <condition number="312" type="jump" coverage="100%" />
              </conditions>
            </line>
            <line number="413" hits="1" branch="False" />
            <line number="414" hits="1" branch="False" />
            <line number="417" hits="2" branch="False" />
            <line number="418" hits="2" branch="False" />
            <line number="420" hits="2" branch="True" condition-coverage="100% (2/2)">
              <conditions>
                <condition number="462" type="jump" coverage="100%" />
              </conditions>
            </line>
            <line number="421" hits="2" branch="False" />
            <line number="422" hits="2" branch="False" />
          </lines>
        </class>
        <class name="MaichessMatchManagerService.Services.MatchService/&lt;EnforceTimeoutsAsync&gt;d__27" filename="Services\MatchService.cs" line-rate="1" branch-rate="1" complexity="10">
          <methods>
            <method name="MoveNext" signature="()" line-rate="1" branch-rate="1" complexity="10">
              <lines>
                <line number="478" hits="10" branch="True" condition-coverage="100% (2/2)">
                  <conditions>
                    <condition number="16" type="jump" coverage="100%" />
                  </conditions>
                </line>
                <line number="479" hits="10" branch="False" />
                <line number="480" hits="10" branch="False" />
                <line number="482" hits="50" branch="True" condition-coverage="100% (2/2)">
                  <conditions>
                    <condition number="914" type="jump" coverage="100%" />
                  </conditions>
                </line>
                <line number="483" hits="10" branch="False" />
                <line number="484" hits="10" branch="False" />
                <line number="485" hits="10" branch="True" condition-coverage="100% (2/2)">
                  <conditions>
                    <condition number="285" type="jump" coverage="100%" />
                  </conditions>
                </line>
                <line number="486" hits="10" branch="False" />
                <line number="488" hits="10" branch="True" condition-coverage="100% (2/2)">
                  <conditions>
                    <condition number="371" type="jump" coverage="100%" />
                  </conditions>
                </line>
                <line number="489" hits="2" branch="False" />
                <line number="490" hits="2" branch="False" />
                <line number="493" hits="8" branch="True" condition-coverage="100% (2/2)">
                  <conditions>
                    <condition number="393" type="jump" coverage="100%" />
                  </conditions>
                </line>
                <line number="494" hits="7" branch="False" />
                <line number="495" hits="7" branch="False" />
                <line number="496" hits="7" branch="False" />
                <line number="497" hits="7" branch="False" />
                <line number="499" hits="1" branch="False" />
                <line number="500" hits="1" branch="False" />
                <line number="501" hits="1" branch="False" />
                <line number="502" hits="1" branch="False" />
                <line number="504" hits="8" branch="False" />
                <line number="505" hits="8" branch="False" />
                <line number="506" hits="8" branch="False" />
                <line number="507" hits="8" branch="False" />
                <line number="508" hits="8" branch="False" />
                <line number="509" hits="8" branch="False" />
                <line number="510" hits="8" branch="False" />
                <line number="511" hits="10" branch="False" />
              </lines>
            </method>
          </methods>
          <lines>
            <line number="478" hits="10" branch="True" condition-coverage="100% (2/2)">
              <conditions>
                <condition number="16" type="jump" coverage="100%" />
              </conditions>
            </line>
            <line number="479" hits="10" branch="False" />
            <line number="480" hits="10" branch="False" />
            <line number="482" hits="50" branch="True" condition-coverage="100% (2/2)">
              <conditions>
                <condition number="914" type="jump" coverage="100%" />
              </conditions>
            </line>
            <line number="483" hits="10" branch="False" />
            <line number="484" hits="10" branch="False" />
            <line number="485" hits="10" branch="True" condition-coverage="100% (2/2)">
              <conditions>
                <condition number="285" type="jump" coverage="100%" />
              </conditions>
            </line>
            <line number="486" hits="10" branch="False" />
            <line number="488" hits="10" branch="True" condition-coverage="100% (2/2)">
              <conditions>
                <condition number="371" type="jump" coverage="100%" />
              </conditions>
            </line>
            <line number="489" hits="2" branch="False" />
            <line number="490" hits="2" branch="False" />
            <line number="493" hits="8" branch="True" condition-coverage="100% (2/2)">
              <conditions>
                <condition number="393" type="jump" coverage="100%" />
              </conditions>
            </line>
            <line number="494" hits="7" branch="False" />
            <line number="495" hits="7" branch="False" />
            <line number="496" hits="7" branch="False" />
            <line number="497" hits="7" branch="False" />
            <line number="499" hits="1" branch="False" />
            <line number="500" hits="1" branch="False" />
            <line number="501" hits="1" branch="False" />
            <line number="502" hits="1" branch="False" />
            <line number="504" hits="8" branch="False" />
            <line number="505" hits="8" branch="False" />
            <line number="506" hits="8" branch="False" />
            <line number="507" hits="8" branch="False" />
            <line number="508" hits="8" branch="False" />
            <line number="509" hits="8" branch="False" />
            <line number="510" hits="8" branch="False" />
            <line number="511" hits="10" branch="False" />
          </lines>
        </class>
        <class name="MaichessMatchManagerService.Services.MatchService/&lt;GetLegalMovesAsync&gt;d__26" filename="Services\MatchService.cs" line-rate="1" branch-rate="1" complexity="2">
          <methods>
            <method name="MoveNext" signature="()" line-rate="1" branch-rate="1" complexity="2">
              <lines>
                <line number="460" hits="3" branch="False" />
                <line number="461" hits="3" branch="False" />
                <line number="463" hits="2" branch="False" />
                <line number="464" hits="2" branch="False" />
                <line number="465" hits="2" branch="False" />
                <line number="467" hits="2" branch="False" />
                <line number="469" hits="2" branch="True" condition-coverage="100% (2/2)">
                  <conditions>
                    <condition number="403" type="jump" coverage="100%" />
                  </conditions>
                </line>
                <line number="470" hits="1" branch="False" />
                <line number="471" hits="1" branch="False" />
                <line number="472" hits="1" branch="False" />
                <line number="474" hits="2" branch="False" />
                <line number="475" hits="2" branch="False" />
              </lines>
            </method>
          </methods>
          <lines>
            <line number="460" hits="3" branch="False" />
            <line number="461" hits="3" branch="False" />
            <line number="463" hits="2" branch="False" />
            <line number="464" hits="2" branch="False" />
            <line number="465" hits="2" branch="False" />
            <line number="467" hits="2" branch="False" />
            <line number="469" hits="2" branch="True" condition-coverage="100% (2/2)">
              <conditions>
                <condition number="403" type="jump" coverage="100%" />
              </conditions>
            </line>
            <line number="470" hits="1" branch="False" />
            <line number="471" hits="1" branch="False" />
            <line number="472" hits="1" branch="False" />
            <line number="474" hits="2" branch="False" />
            <line number="475" hits="2" branch="False" />
          </lines>
        </class>
        <class name="MaichessMatchManagerService.Services.MatchService/&lt;GetMatchAsync&gt;d__18" filename="Services\MatchService.cs" line-rate="1" branch-rate="1" complexity="6">
          <methods>
            <method name="MoveNext" signature="()" line-rate="1" branch-rate="1" complexity="6">
              <lines>
                <line number="147" hits="93" branch="False" />
                <line number="151" hits="93" branch="False" />
                <line number="152" hits="93" branch="True" condition-coverage="100% (2/2)">
                  <conditions>
                    <condition number="195" type="jump" coverage="100%" />
                  </conditions>
                </line>
                <line number="153" hits="1" branch="False" />
                <line number="154" hits="1" branch="False" />
                <line number="157" hits="92" branch="True" condition-coverage="100% (2/2)">
                  <conditions>
                    <condition number="344" type="jump" coverage="100%" />
                  </conditions>
                </line>
                <line number="158" hits="92" branch="False" />
                <line number="160" hits="82" branch="True" condition-coverage="100% (2/2)">
                  <conditions>
                    <condition number="386" type="jump" coverage="100%" />
                  </conditions>
                </line>
                <line number="161" hits="17" branch="False" />
                <line number="162" hits="17" branch="False" />
                <line number="163" hits="17" branch="False" />
                <line number="165" hits="82" branch="False" />
                <line number="166" hits="83" branch="False" />
              </lines>
            </method>
          </methods>
          <lines>
            <line number="147" hits="93" branch="False" />
            <line number="151" hits="93" branch="False" />
            <line number="152" hits="93" branch="True" condition-coverage="100% (2/2)">
              <conditions>
                <condition number="195" type="jump" coverage="100%" />
              </conditions>
            </line>
            <line number="153" hits="1" branch="False" />
            <line number="154" hits="1" branch="False" />
            <line number="157" hits="92" branch="True" condition-coverage="100% (2/2)">
              <conditions>
                <condition number="344" type="jump" coverage="100%" />
              </conditions>
            </line>
            <line number="158" hits="92" branch="False" />
            <line number="160" hits="82" branch="True" condition-coverage="100% (2/2)">
              <conditions>
                <condition number="386" type="jump" coverage="100%" />
              </conditions>
            </line>
            <line number="161" hits="17" branch="False" />
            <line number="162" hits="17" branch="False" />
            <line number="163" hits="17" branch="False" />
            <line number="165" hits="82" branch="False" />
            <line number="166" hits="83" branch="False" />
          </lines>
        </class>
        <class name="MaichessMatchManagerService.Services.MatchService/&lt;GetPositionAsync&gt;d__28" filename="Services\MatchService.cs" line-rate="1" branch-rate="1" complexity="8">
          <methods>
            <method name="MoveNext" signature="()" line-rate="1" branch-rate="1" complexity="8">
              <lines>
                <line number="517" hits="9" branch="False" />
                <line number="518" hits="9" branch="False" />
                <line number="520" hits="8" branch="True" condition-coverage="100% (2/2)">
                  <conditions>
                    <condition number="170" type="jump" coverage="100%" />
                  </conditions>
                </line>
                <line number="521" hits="2" branch="False" />
                <line number="522" hits="2" branch="False" />
                <line number="525" hits="6" branch="True" condition-coverage="100% (4/4)">
                  <conditions>
                    <condition number="186" type="jump" coverage="100%" />
                    <condition number="219" type="jump" coverage="100%" />
                  </conditions>
                </line>
                <line number="526" hits="3" branch="False" />
                <line number="527" hits="3" branch="False" />
                <line number="530" hits="3" branch="False" />
                <line number="531" hits="3" branch="True" condition-coverage="100% (2/2)">
                  <conditions>
                    <condition number="263" type="jump" coverage="100%" />
                  </conditions>
                </line>
                <line number="532" hits="3" branch="False" />
                <line number="534" hits="3" branch="False" />
                <line number="535" hits="3" branch="False" />
              </lines>
            </method>
          </methods>
          <lines>
            <line number="517" hits="9" branch="False" />
            <line number="518" hits="9" branch="False" />
            <line number="520" hits="8" branch="True" condition-coverage="100% (2/2)">
              <conditions>
                <condition number="170" type="jump" coverage="100%" />
              </conditions>
            </line>
            <line number="521" hits="2" branch="False" />
            <line number="522" hits="2" branch="False" />
            <line number="525" hits="6" branch="True" condition-coverage="100% (4/4)">
              <conditions>
                <condition number="186" type="jump" coverage="100%" />
                <condition number="219" type="jump" coverage="100%" />
              </conditions>
            </line>
            <line number="526" hits="3" branch="False" />
            <line number="527" hits="3" branch="False" />
            <line number="530" hits="3" branch="False" />
            <line number="531" hits="3" branch="True" condition-coverage="100% (2/2)">
              <conditions>
                <condition number="263" type="jump" coverage="100%" />
              </conditions>
            </line>
            <line number="532" hits="3" branch="False" />
            <line number="534" hits="3" branch="False" />
            <line number="535" hits="3" branch="False" />
          </lines>
        </class>
        <class name="MaichessMatchManagerService.Services.MatchService/&lt;ListMatchesAsync&gt;d__19" filename="Services\MatchService.cs" line-rate="1" branch-rate="1" complexity="6">
          <methods>
            <method name="MoveNext" signature="()" line-rate="1" branch-rate="1" complexity="6">
              <lines>
                <line number="174" hits="8" branch="False" />
                <line number="175" hits="8" branch="True" condition-coverage="100% (2/2)">
                  <conditions>
                    <condition number="26" type="jump" coverage="100%" />
                  </conditions>
                </line>
                <line number="176" hits="8" branch="True" condition-coverage="100% (2/2)">
                  <conditions>
                    <condition number="50" type="jump" coverage="100%" />
                  </conditions>
                </line>
                <line number="177" hits="8" branch="True" condition-coverage="100% (2/2)">
                  <conditions>
                    <condition number="86" type="jump" coverage="100%" />
                  </conditions>
                </line>
                <line number="178" hits="8" branch="False" />
                <line number="179" hits="8" branch="False" />
              </lines>
            </method>
          </methods>
          <lines>
            <line number="174" hits="8" branch="False" />
            <line number="175" hits="8" branch="True" condition-coverage="100% (2/2)">
              <conditions>
                <condition number="26" type="jump" coverage="100%" />
              </conditions>
            </line>
            <line number="176" hits="8" branch="True" condition-coverage="100% (2/2)">
              <conditions>
                <condition number="50" type="jump" coverage="100%" />
              </conditions>
            </line>
            <line number="177" hits="8" branch="True" condition-coverage="100% (2/2)">
              <conditions>
                <condition number="86" type="jump" coverage="100%" />
              </conditions>
            </line>
            <line number="178" hits="8" branch="False" />
            <line number="179" hits="8" branch="False" />
          </lines>
        </class>
        <class name="MaichessMatchManagerService.Services.MatchService/&lt;ListUserMatchesAsync&gt;d__20" filename="Services\MatchService.cs" line-rate="1" branch-rate="1" complexity="12">
          <methods>
            <method name="MoveNext" signature="()" line-rate="1" branch-rate="1" complexity="12">
              <lines>
                <line number="187" hits="14" branch="False" />
                <line number="188" hits="14" branch="True" condition-coverage="100% (2/2)">
                  <conditions>
                    <condition number="62" type="jump" coverage="100%" />
                  </conditions>
                </line>
                <line number="189" hits="14" branch="True" condition-coverage="100% (2/2)">
                  <conditions>
                    <condition number="86" type="jump" coverage="100%" />
                  </conditions>
                </line>
                <line number="194" hits="14" branch="False" />
                <line number="199" hits="14" branch="False" />
                <line number="202" hits="14" branch="True" condition-coverage="100% (2/2)">
                  <conditions>
                    <condition number="162" type="jump" coverage="100%" />
                  </conditions>
                </line>
                <line number="203" hits="11" branch="False" />
                <line number="204" hits="11" branch="False" />
                <line number="205" hits="11" branch="False" />
                <line number="206" hits="11" branch="True" condition-coverage="100% (2/2)">
                  <conditions>
                    <condition number="353" type="jump" coverage="100%" />
                  </conditions>
                </line>
                <line number="207" hits="1" branch="False" />
                <line number="208" hits="1" branch="False" />
                <line number="210" hits="10" branch="False" />
                <line number="212" hits="13" branch="False" />
                <line number="214" hits="13" branch="False" />
                <line number="215" hits="13" branch="True" condition-coverage="100% (2/2)">
                  <conditions>
                    <condition number="588" type="jump" coverage="100%" />
                  </conditions>
                </line>
                <line number="216" hits="13" branch="False" />
                <line number="217" hits="13" branch="False" />
                <line number="219" hits="13" branch="False" />
                <line number="220" hits="13" branch="False" />
                <line number="221" hits="13" branch="False" />
                <line number="222" hits="13" branch="False" />
                <line number="224" hits="13" branch="True" condition-coverage="100% (2/2)">
                  <conditions>
                    <condition number="821" type="jump" coverage="100%" />
                  </conditions>
                </line>
                <line number="225" hits="10" branch="False" />
                <line number="226" hits="10" branch="False" />
                <line number="227" hits="10" branch="False" />
                <line number="228" hits="10" branch="False" />
                <line number="230" hits="13" branch="False" />
                <line number="231" hits="14" branch="False" />
              </lines>
            </method>
          </methods>
          <lines>
            <line number="187" hits="14" branch="False" />
            <line number="188" hits="14" branch="True" condition-coverage="100% (2/2)">
              <conditions>
                <condition number="62" type="jump" coverage="100%" />
              </conditions>
            </line>
            <line number="189" hits="14" branch="True" condition-coverage="100% (2/2)">
              <conditions>
                <condition number="86" type="jump" coverage="100%" />
              </conditions>
            </line>
            <line number="194" hits="14" branch="False" />
            <line number="199" hits="14" branch="False" />
            <line number="202" hits="14" branch="True" condition-coverage="100% (2/2)">
              <conditions>
                <condition number="162" type="jump" coverage="100%" />
              </conditions>
            </line>
            <line number="203" hits="11" branch="False" />
            <line number="204" hits="11" branch="False" />
            <line number="205" hits="11" branch="False" />
            <line number="206" hits="11" branch="True" condition-coverage="100% (2/2)">
              <conditions>
                <condition number="353" type="jump" coverage="100%" />
              </conditions>
            </line>
            <line number="207" hits="1" branch="False" />
            <line number="208" hits="1" branch="False" />
            <line number="210" hits="10" branch="False" />
            <line number="212" hits="13" branch="False" />
            <line number="214" hits="13" branch="False" />
            <line number="215" hits="13" branch="True" condition-coverage="100% (2/2)">
              <conditions>
                <condition number="588" type="jump" coverage="100%" />
              </conditions>
            </line>
            <line number="216" hits="13" branch="False" />
            <line number="217" hits="13" branch="False" />
            <line number="219" hits="13" branch="False" />
            <line number="220" hits="13" branch="False" />
            <line number="221" hits="13" branch="False" />
            <line number="222" hits="13" branch="False" />
            <line number="224" hits="13" branch="True" condition-coverage="100% (2/2)">
              <conditions>
                <condition number="821" type="jump" coverage="100%" />
              </conditions>
            </line>
            <line number="225" hits="10" branch="False" />
            <line number="226" hits="10" branch="False" />
            <line number="227" hits="10" branch="False" />
            <line number="228" hits="10" branch="False" />
            <line number="230" hits="13" branch="False" />
            <line number="231" hits="14" branch="False" />
          </lines>
        </class>
        <class name="MaichessMatchManagerService.Services.MatchService/&lt;MakeMoveAsync&gt;d__21" filename="Services\MatchService.cs" line-rate="1" branch-rate="1" complexity="26">
          <methods>
            <method name="MoveNext" signature="()" line-rate="1" branch-rate="1" complexity="26">
              <lines>
                <line number="238" hits="33" branch="False" />
                <line number="239" hits="33" branch="False" />
                <line number="241" hits="31" branch="True" condition-coverage="100% (2/2)">
                  <conditions>
                    <condition number="220" type="jump" coverage="100%" />
                  </conditions>
                </line>
                <line number="242" hits="2" branch="False" />
                <line number="243" hits="2" branch="False" />
                <line number="246" hits="29" branch="False" />
                <line number="247" hits="29" branch="False" />
                <line number="248" hits="29" branch="False" />
                <line number="250" hits="29" branch="True" condition-coverage="100% (4/4)">
                  <conditions>
                    <condition number="327" type="jump" coverage="100%" />
                    <condition number="345" type="jump" coverage="100%" />
                  </conditions>
                </line>
                <line number="251" hits="2" branch="False" />
                <line number="252" hits="2" branch="False" />
[...]
                    <condition number="54" type="jump" coverage="100%" />
                  </conditions>
                </line>
                <line number="15" hits="3" branch="False" />
                <line number="16" hits="3" branch="False" />
                <line number="17" hits="1" branch="False" />
                <line number="18" hits="1" branch="False" />
                <line number="19" hits="1" branch="False" />
                <line number="22" hits="2" branch="False" />
                <line number="23" hits="2" branch="True" condition-coverage="100% (4/4)">
                  <conditions>
                    <condition number="93" type="jump" coverage="100%" />
                    <condition number="106" type="jump" coverage="100%" />
                  </conditions>
                </line>
                <line number="24" hits="2" branch="False" />
                <line number="25" hits="2" branch="False" />
                <line number="26" hits="2" branch="False" />
                <line number="27" hits="2" branch="True" condition-coverage="83.33% (5/6)">
                  <conditions>
                    <condition number="228" type="jump" coverage="100%" />
                    <condition number="237" type="jump" coverage="100%" />
                    <condition number="279" type="jump" coverage="50%" />
                  </conditions>
                </line>
                <line number="28" hits="2" branch="False" />
                <line number="29" hits="2" branch="False" />
                <line number="30" hits="2" branch="False" />
                <line number="31" hits="2" branch="False" />
                <line number="32" hits="2" branch="False" />
                <line number="33" hits="2" branch="False" />
                <line number="34" hits="2" branch="False" />
                <line number="35" hits="2" branch="False" />
                <line number="36" hits="2" branch="False" />
                <line number="37" hits="2" branch="False" />
                <line number="38" hits="3" branch="False" />
              </lines>
            </method>
            <method name="ReadPlayer" signature="(Avro.Generic.GenericRecord)" line-rate="1" branch-rate="0.5" complexity="4">
              <lines>
                <line number="40" hits="5" branch="True" condition-coverage="50% (2/4)">
                  <conditions>
                    <condition number="20" type="jump" coverage="50%" />
                    <condition number="51" type="jump" coverage="50%" />
                  </conditions>
                </line>
                <line number="41" hits="5" branch="False" />
                <line number="42" hits="5" branch="False" />
                <line number="43" hits="5" branch="False" />
                <line number="44" hits="5" branch="False" />
              </lines>
            </method>
            <method name="ReadTimeFormat" signature="(Avro.Generic.GenericRecord)" line-rate="1" branch-rate="1" complexity="1">
              <lines>
                <line number="46" hits="2" branch="False" />
                <line number="47" hits="2" branch="False" />
                <line number="48" hits="2" branch="False" />
                <line number="49" hits="2" branch="False" />
                <line number="50" hits="2" branch="False" />
                <line number="51" hits="2" branch="False" />
                <line number="52" hits="2" branch="False" />
              </lines>
            </method>
            <method name="Str" signature="(Avro.Generic.GenericRecord,System.String)" line-rate="1" branch-rate="0.5" complexity="4">
              <lines>
                <line number="55" hits="12" branch="True" condition-coverage="50% (2/4)">
                  <conditions>
                    <condition number="9" type="jump" coverage="50%" />
                    <condition number="19" type="jump" coverage="50%" />
                  </conditions>
                </line>
              </lines>
            </method>
            <method name="Enum" signature="(Avro.Generic.GenericRecord,System.String)" line-rate="1" branch-rate="0.5" complexity="4">
              <lines>
                <line number="58" hits="2" branch="True" condition-coverage="50% (2/4)">
                  <conditions>
                    <condition number="9" type="jump" coverage="50%" />
                    <condition number="19" type="jump" coverage="50%" />
                  </conditions>
                </line>
              </lines>
            </method>
          </methods>
          <lines>
            <line number="13" hits="3" branch="False" />
            <line number="14" hits="3" branch="True" condition-coverage="66.66% (4/6)">
              <conditions>
                <condition number="14" type="jump" coverage="50%" />
                <condition number="24" type="jump" coverage="50%" />
                <condition number="54" type="jump" coverage="100%" />
              </conditions>
            </line>
            <line number="15" hits="3" branch="False" />
            <line number="16" hits="3" branch="False" />
            <line number="17" hits="1" branch="False" />
            <line number="18" hits="1" branch="False" />
            <line number="19" hits="1" branch="False" />
            <line number="22" hits="2" branch="False" />
            <line number="23" hits="2" branch="True" condition-coverage="100% (4/4)">
              <conditions>
                <condition number="93" type="jump" coverage="100%" />
                <condition number="106" type="jump" coverage="100%" />
              </conditions>
            </line>
            <line number="24" hits="2" branch="False" />
            <line number="25" hits="2" branch="False" />
            <line number="26" hits="2" branch="False" />
            <line number="27" hits="2" branch="True" condition-coverage="83.33% (5/6)">
              <conditions>
                <condition number="228" type="jump" coverage="100%" />
                <condition number="237" type="jump" coverage="100%" />
                <condition number="279" type="jump" coverage="50%" />
              </conditions>
            </line>
            <line number="28" hits="2" branch="False" />
            <line number="29" hits="2" branch="False" />
            <line number="30" hits="2" branch="False" />
            <line number="31" hits="2" branch="False" />
            <line number="32" hits="2" branch="False" />
            <line number="33" hits="2" branch="False" />
            <line number="34" hits="2" branch="False" />
            <line number="35" hits="2" branch="False" />
            <line number="36" hits="2" branch="False" />
            <line number="37" hits="2" branch="False" />
            <line number="38" hits="3" branch="False" />
            <line number="40" hits="5" branch="True" condition-coverage="50% (2/4)">
              <conditions>
                <condition number="20" type="jump" coverage="50%" />
                <condition number="51" type="jump" coverage="50%" />
              </conditions>
            </line>
            <line number="41" hits="5" branch="False" />
            <line number="42" hits="5" branch="False" />
            <line number="43" hits="5" branch="False" />
            <line number="44" hits="5" branch="False" />
            <line number="46" hits="2" branch="False" />
            <line number="47" hits="2" branch="False" />
            <line number="48" hits="2" branch="False" />
            <line number="49" hits="2" branch="False" />
            <line number="50" hits="2" branch="False" />
            <line number="51" hits="2" branch="False" />
            <line number="52" hits="2" branch="False" />
            <line number="55" hits="12" branch="True" condition-coverage="50% (2/4)">
              <conditions>
                <condition number="9" type="jump" coverage="50%" />
                <condition number="19" type="jump" coverage="50%" />
              </conditions>
            </line>
            <line number="58" hits="2" branch="True" condition-coverage="50% (2/4)">
              <conditions>
                <condition number="9" type="jump" coverage="50%" />
                <condition number="19" type="jump" coverage="50%" />
              </conditions>
            </line>
          </lines>
        </class>
        <class name="MaichessMatchManagerService.Events.MatchCommandReader" filename="Events\MatchCommandReader.cs" line-rate="1" branch-rate="0.8332999999999999" complexity="36">
          <methods>
            <method name="TryReadCreateMatch" signature="(Maichess.Events.V1.MatchCommand,MaichessMatchManagerService.Events.CreateMatchInput&amp;)" line-rate="1" branch-rate="1" complexity="10">
              <lines>
                <line number="12" hits="5" branch="False" />
                <line number="13" hits="5" branch="True" condition-coverage="100% (2/2)">
                  <conditions>
                    <condition number="16" type="jump" coverage="100%" />
                  </conditions>
                </line>
                <line number="14" hits="1" branch="False" />
                <line number="15" hits="1" branch="False" />
                <line number="16" hits="1" branch="False" />
                <line number="19" hits="4" branch="False" />
                <line number="20" hits="4" branch="True" condition-coverage="100% (8/8)">
                  <conditions>
                    <condition number="81" type="jump" coverage="100%" />
                    <condition number="108" type="jump" coverage="100%" />
                    <condition number="126" type="jump" coverage="100%" />
                    <condition number="163" type="jump" coverage="100%" />
                  </conditions>
                </line>
                <line number="21" hits="4" branch="False" />
                <line number="22" hits="4" branch="False" />
                <line number="23" hits="4" branch="False" />
                <line number="24" hits="4" branch="False" />
                <line number="25" hits="4" branch="False" />
                <line number="26" hits="4" branch="False" />
                <line number="27" hits="4" branch="False" />
                <line number="28" hits="4" branch="False" />
                <line number="29" hits="4" branch="False" />
                <line number="30" hits="4" branch="False" />
                <line number="31" hits="5" branch="False" />
              </lines>
            </method>
            <method name="HasIdentity" signature="(Maichess.Events.V1.Player)" line-rate="1" branch-rate="1" complexity="2">
              <lines>
                <line number="34" hits="4" branch="True" condition-coverage="100% (2/2)">
                  <conditions>
                    <condition number="1" type="jump" coverage="100%" />
                  </conditions>
                </line>
              </lines>
            </method>
            <method name="ToPlayer" signature="(Maichess.Events.V1.Player)" line-rate="1" branch-rate="1" complexity="12">
              <lines>
                <line number="36" hits="9" branch="True" condition-coverage="100% (12/12)">
                  <conditions>
                    <condition number="7" type="jump" coverage="100%" />
                    <condition number="16" type="jump" coverage="100%" />
                    <condition number="35" type="jump" coverage="100%" />
                    <condition number="44" type="jump" coverage="100%" />
                    <condition number="63" type="jump" coverage="100%" />
                    <condition number="72" type="jump" coverage="100%" />
                  </conditions>
                </line>
                <line number="37" hits="9" branch="False" />
                <line number="38" hits="9" branch="False" />
                <line number="39" hits="9" branch="False" />
                <line number="40" hits="9" branch="False" />
                <line number="41" hits="9" branch="False" />
              </lines>
            </method>
            <method name="ToTimeFormat" signature="(Maichess.Events.V1.TimeFormat)" line-rate="1" branch-rate="0.5" complexity="12">
              <lines>
                <line number="43" hits="4" branch="True" condition-coverage="50% (6/12)">
                  <conditions>
                    <condition number="7" type="jump" coverage="50%" />
                    <condition number="19" type="jump" coverage="50%" />
                    <condition number="35" type="jump" coverage="50%" />
                    <condition number="55" type="jump" coverage="50%" />
                    <condition number="75" type="jump" coverage="50%" />
                    <condition number="87" type="jump" coverage="50%" />
                  </conditions>
                </line>
                <line number="44" hits="4" branch="False" />
                <line number="45" hits="4" branch="False" />
                <line number="46" hits="4" branch="False" />
                <line number="47" hits="4" branch="False" />
                <line number="48" hits="4" branch="False" />
                <line number="49" hits="4" branch="False" />
              </lines>
            </method>
          </methods>
          <lines>
            <line number="12" hits="5" branch="False" />
            <line number="13" hits="5" branch="True" condition-coverage="100% (2/2)">
              <conditions>
                <condition number="16" type="jump" coverage="100%" />
              </conditions>
            </line>
            <line number="14" hits="1" branch="False" />
            <line number="15" hits="1" branch="False" />
            <line number="16" hits="1" branch="False" />
            <line number="19" hits="4" branch="False" />
            <line number="20" hits="4" branch="True" condition-coverage="100% (8/8)">
              <conditions>
                <condition number="81" type="jump" coverage="100%" />
                <condition number="108" type="jump" coverage="100%" />
                <condition number="126" type="jump" coverage="100%" />
                <condition number="163" type="jump" coverage="100%" />
              </conditions>
            </line>
            <line number="21" hits="4" branch="False" />
            <line number="22" hits="4" branch="False" />
            <line number="23" hits="4" branch="False" />
            <line number="24" hits="4" branch="False" />
            <line number="25" hits="4" branch="False" />
            <line number="26" hits="4" branch="False" />
            <line number="27" hits="4" branch="False" />
            <line number="28" hits="4" branch="False" />
            <line number="29" hits="4" branch="False" />
            <line number="30" hits="4" branch="False" />
            <line number="31" hits="5" branch="False" />
            <line number="34" hits="4" branch="True" condition-coverage="100% (2/2)">
              <conditions>
                <condition number="1" type="jump" coverage="100%" />
              </conditions>
            </line>
            <line number="36" hits="9" branch="True" condition-coverage="100% (12/12)">
              <conditions>
                <condition number="7" type="jump" coverage="100%" />
                <condition number="16" type="jump" coverage="100%" />
                <condition number="35" type="jump" coverage="100%" />
                <condition number="44" type="jump" coverage="100%" />
                <condition number="63" type="jump" coverage="100%" />
                <condition number="72" type="jump" coverage="100%" />
              </conditions>
            </line>
            <line number="37" hits="9" branch="False" />
            <line number="38" hits="9" branch="False" />
            <line number="39" hits="9" branch="False" />
            <line number="40" hits="9" branch="False" />
            <line number="41" hits="9" branch="False" />
            <line number="43" hits="4" branch="True" condition-coverage="50% (6/12)">
              <conditions>
                <condition number="7" type="jump" coverage="50%" />
                <condition number="19" type="jump" coverage="50%" />
                <condition number="35" type="jump" coverage="50%" />
                <condition number="55" type="jump" coverage="50%" />
                <condition number="75" type="jump" coverage="50%" />
                <condition number="87" type="jump" coverage="50%" />
              </conditions>
            </line>
            <line number="44" hits="4" branch="False" />
            <line number="45" hits="4" branch="False" />
            <line number="46" hits="4" branch="False" />
            <line number="47" hits="4" branch="False" />
            <line number="48" hits="4" branch="False" />
            <line number="49" hits="4" branch="False" />
          </lines>
        </class>
        <class name="MaichessMatchManagerService.Entities.PlayerDocument" filename="Entities\PlayerDocument.cs" line-rate="0.5" branch-rate="1" complexity="2">
          <methods>
            <method name="get_IsBot" signature="()" line-rate="1" branch-rate="1" complexity="1">
              <lines>
                <line number="11" hits="154" branch="False" />
              </lines>
            </method>
            <method name="get_IsExternal" signature="()" line-rate="0" branch-rate="1" complexity="1">
              <lines>
                <line number="13" hits="0" branch="False" />
              </lines>
            </method>
          </methods>
          <lines>
            <line number="11" hits="154" branch="False" />
            <line number="13" hits="0" branch="False" />
          </lines>
        </class>
        <class name="MaichessMatchManagerService.Data.UserReplicaRecord" filename="Data\UserReplicaRecord.cs" line-rate="1" branch-rate="1" complexity="1">
          <methods>
            <method name=".ctor" signature="(System.String,System.Nullable`1&lt;System.Double&gt;,System.Nullable`1&lt;System.Double&gt;,System.Nullable`1&lt;System.Double&gt;,System.Nullable`1&lt;System.Int32&gt;,System.Nullable`1&lt;System.Int32&gt;,System.Nullable`1&lt;System.Int32&gt;,System.Nullable`1&lt;System.Int32&gt;,System.Nullable`1&lt;System.Boolean&gt;,System.Nullable`1&lt;System.Boolean&gt;)" line-rate="1" branch-rate="1" complexity="1">
              <lines>
                <line number="9" hits="5" branch="False" />
                <line number="10" hits="5" branch="False" />
                <line number="11" hits="5" branch="False" />
                <line number="12" hits="5" branch="False" />
                <line number="13" hits="5" branch="False" />
                <line number="14" hits="5" branch="False" />
                <line number="15" hits="5" branch="False" />
                <line number="16" hits="5" branch="False" />
                <line number="17" hits="5" branch="False" />
                <line number="18" hits="5" branch="False" />
                <line number="19" hits="5" branch="False" />
              </lines>
            </method>
          </methods>
          <lines>
            <line number="9" hits="5" branch="False" />
            <line number="10" hits="5" branch="False" />
            <line number="11" hits="5" branch="False" />
            <line number="12" hits="5" branch="False" />
            <line number="13" hits="5" branch="False" />
            <line number="14" hits="5" branch="False" />
            <line number="15" hits="5" branch="False" />
            <line number="16" hits="5" branch="False" />
            <line number="17" hits="5" branch="False" />
            <line number="18" hits="5" branch="False" />
            <line number="19" hits="5" branch="False" />
          </lines>
        </class>
      </classes>
    </package>
  </packages>
</coverage>